Scarab gitrev: 3541854
Scarab started at Thu Oct 31 07:23:46 2024

Initialized Ramulator. 
** Heartbeat:   5% -- { 1000004 } -- 0.00 KIPS (111.11 KIPS)
** Heartbeat:  10% -- { 2000007 } -- 125.00 KIPS (117.65 KIPS)
** Heartbeat:  15% -- { 3000010 } -- 142.86 KIPS (125.00 KIPS)
** Heartbeat:  20% -- { 4000011 } -- 200.00 KIPS (137.93 KIPS)
** Heartbeat:  25% -- { 5000011 } -- 111.11 KIPS (131.58 KIPS)
** Heartbeat:  30% -- { 6000011 } -- 111.11 KIPS (127.66 KIPS)
** Heartbeat:  35% -- { 7000011 } -- 142.86 KIPS (129.63 KIPS)
** Heartbeat:  40% -- { 8000014 } -- 142.86 KIPS (131.15 KIPS)
** Heartbeat:  45% -- { 9000015 } -- 250.00 KIPS (138.46 KIPS)
** Heartbeat:  50% -- { 10000015 } -- 125.00 KIPS (136.99 KIPS)
** Heartbeat:  55% -- { 11000020 } -- 100.00 KIPS (132.53 KIPS)
** Heartbeat:  60% -- { 12000022 } -- 142.86 KIPS (133.33 KIPS)
** Heartbeat:  65% -- { 13000022 } -- 166.67 KIPS (135.42 KIPS)
** Heartbeat:  70% -- { 14000024 } -- 200.00 KIPS (138.61 KIPS)
** Heartbeat:  75% -- { 15000029 } -- 166.67 KIPS (140.19 KIPS)
** Heartbeat:  80% -- { 16000031 } -- 90.91 KIPS (135.59 KIPS)
** Heartbeat:  85% -- { 17000031 } -- 142.86 KIPS (136.00 KIPS)
** Heartbeat:  90% -- { 18000032 } -- 166.67 KIPS (137.40 KIPS)
** Heartbeat:  95% -- { 19000032 } -- 200.00 KIPS (139.71 KIPS)
** Core 0 Finished:    insts:20000000    cycles:14182815    time:4432129687500       -- 1.41 IPC (1.41 IPC) --  N/A  KIPS (140.85 KIPS)
Scarab finished at Thu Oct 31 07:26:08 2024

