Scarab gitrev: 3541854
Scarab started at Thu Oct 31 07:33:31 2024

Initialized Ramulator. 
** Heartbeat:   5% -- { 1000005 } -- 0.00 KIPS (166.67 KIPS)
** Heartbeat:  10% -- { 2000010 } -- 200.00 KIPS (181.82 KIPS)
** Heartbeat:  15% -- { 3000013 } -- 125.00 KIPS (157.90 KIPS)
** Heartbeat:  20% -- { 4000015 } -- 142.86 KIPS (153.85 KIPS)
** Heartbeat:  25% -- { 5000019 } -- 125.00 KIPS (147.06 KIPS)
** Heartbeat:  30% -- { 6000020 } -- 142.86 KIPS (146.34 KIPS)
** Heartbeat:  35% -- { 7000022 } -- 333.33 KIPS (159.09 KIPS)
** Heartbeat:  40% -- { 8000024 } -- 250.00 KIPS (166.67 KIPS)
** Heartbeat:  45% -- { 9000027 } -- 200.00 KIPS (169.81 KIPS)
** Heartbeat:  50% -- { 10000028 } -- 200.00 KIPS (172.41 KIPS)
** Heartbeat:  55% -- { 11000032 } -- 200.00 KIPS (174.60 KIPS)
** Heartbeat:  60% -- { 12000037 } -- 200.00 KIPS (176.47 KIPS)
** Heartbeat:  65% -- { 13000039 } -- 250.00 KIPS (180.56 KIPS)
** Heartbeat:  70% -- { 14000042 } -- 333.33 KIPS (186.67 KIPS)
** Heartbeat:  75% -- { 15000043 } -- 250.00 KIPS (189.87 KIPS)
** Heartbeat:  80% -- { 16000047 } -- 250.00 KIPS (192.77 KIPS)
** Heartbeat:  85% -- { 17000051 } -- 250.00 KIPS (195.40 KIPS)
** Heartbeat:  90% -- { 18000053 } -- 333.33 KIPS (200.00 KIPS)
** Heartbeat:  95% -- { 19000055 } -- 333.33 KIPS (204.30 KIPS)
** Core 0 Finished:    insts:20000002    cycles:15498944    time:4843420000000       -- 1.29 IPC (1.29 IPC) --  N/A  KIPS (208.33 KIPS)
Scarab finished at Thu Oct 31 07:35:07 2024

