Scarab gitrev: 3541854
Scarab started at Thu Oct 31 07:04:24 2024

Initialized Ramulator. 
** Heartbeat:   5% -- { 1000000 } -- 0.00 KIPS (76.92 KIPS)
** Heartbeat:  10% -- { 2000000 } -- 76.92 KIPS (76.92 KIPS)
** Heartbeat:  15% -- { 3000000 } -- 76.92 KIPS (76.92 KIPS)
** Heartbeat:  20% -- { 4000000 } -- 76.92 KIPS (76.92 KIPS)
** Heartbeat:  25% -- { 5000000 } -- 83.33 KIPS (78.12 KIPS)
** Heartbeat:  30% -- { 6000000 } -- 76.92 KIPS (77.92 KIPS)
** Heartbeat:  35% -- { 7000000 } -- 83.33 KIPS (78.65 KIPS)
** Heartbeat:  40% -- { 8000000 } -- 76.92 KIPS (78.43 KIPS)
** Heartbeat:  45% -- { 9000000 } -- 83.33 KIPS (78.95 KIPS)
** Heartbeat:  50% -- { 10000000 } -- 76.92 KIPS (78.74 KIPS)
** Heartbeat:  55% -- { 11000000 } -- 83.33 KIPS (79.14 KIPS)
** Heartbeat:  60% -- { 12000000 } -- 90.91 KIPS (80.00 KIPS)
** Heartbeat:  65% -- { 13000000 } -- 142.86 KIPS (82.80 KIPS)
** Heartbeat:  70% -- { 14000000 } -- 125.00 KIPS (84.85 KIPS)
** Heartbeat:  75% -- { 15000000 } -- 100.00 KIPS (85.71 KIPS)
** Heartbeat:  80% -- { 16000000 } -- 83.33 KIPS (85.56 KIPS)
** Heartbeat:  85% -- { 17000000 } -- 76.92 KIPS (85.00 KIPS)
** Heartbeat:  90% -- { 18000005 } -- 111.11 KIPS (86.12 KIPS)
** Heartbeat:  95% -- { 19000009 } -- 142.86 KIPS (87.96 KIPS)
** Core 0 Finished:    insts:20000000    cycles:20791618    time:6497380625000       -- 0.96 IPC (0.96 IPC) --  N/A  KIPS (89.29 KIPS)
Scarab finished at Thu Oct 31 07:08:08 2024

