Scarab gitrev: 3541854
Scarab started at Thu Oct 31 07:14:22 2024

Initialized Ramulator. 
** Heartbeat:   5% -- { 1000000 } -- 0.00 KIPS (111.11 KIPS)
** Heartbeat:  10% -- { 2000000 } -- 125.00 KIPS (117.65 KIPS)
** Heartbeat:  15% -- { 3000003 } -- 125.00 KIPS (120.00 KIPS)
** Heartbeat:  20% -- { 4000007 } -- 125.00 KIPS (121.21 KIPS)
** Heartbeat:  25% -- { 5000008 } -- 111.11 KIPS (119.05 KIPS)
** Heartbeat:  30% -- { 6000008 } -- 111.11 KIPS (117.65 KIPS)
** Heartbeat:  35% -- { 7000011 } -- 111.11 KIPS (116.67 KIPS)
** Heartbeat:  40% -- { 8000013 } -- 142.86 KIPS (119.40 KIPS)
** Heartbeat:  45% -- { 9000017 } -- 125.00 KIPS (120.00 KIPS)
** Heartbeat:  50% -- { 10000018 } -- 125.00 KIPS (120.48 KIPS)
** Heartbeat:  55% -- { 11000018 } -- 100.00 KIPS (118.28 KIPS)
** Heartbeat:  60% -- { 12000021 } -- 142.86 KIPS (120.00 KIPS)
** Heartbeat:  65% -- { 13000021 } -- 125.00 KIPS (120.37 KIPS)
** Heartbeat:  70% -- { 14000021 } -- 111.11 KIPS (119.66 KIPS)
** Heartbeat:  75% -- { 15000023 } -- 125.00 KIPS (120.00 KIPS)
** Heartbeat:  80% -- { 16000026 } -- 200.00 KIPS (123.08 KIPS)
** Heartbeat:  85% -- { 17000026 } -- 250.00 KIPS (126.87 KIPS)
** Heartbeat:  90% -- { 18000026 } -- 200.00 KIPS (129.50 KIPS)
** Heartbeat:  95% -- { 19000026 } -- 200.00 KIPS (131.94 KIPS)
** Core 0 Finished:    insts:20000000    cycles:12115296    time:3786030000000       -- 1.65 IPC (1.65 IPC) --  N/A  KIPS (133.33 KIPS)
Scarab finished at Thu Oct 31 07:16:52 2024

