Scarab gitrev: 3541854
Scarab started at Thu Oct 31 07:24:34 2024

Initialized Ramulator. 
** Heartbeat:   5% -- { 1000004 } -- 0.00 KIPS (200.00 KIPS)
** Heartbeat:  10% -- { 2000007 } -- 200.00 KIPS (200.00 KIPS)
** Heartbeat:  15% -- { 3000010 } -- 250.00 KIPS (214.29 KIPS)
** Heartbeat:  20% -- { 4000011 } -- 333.33 KIPS (235.29 KIPS)
** Heartbeat:  25% -- { 5000011 } -- 200.00 KIPS (227.27 KIPS)
** Heartbeat:  30% -- { 6000011 } -- 200.00 KIPS (222.22 KIPS)
** Heartbeat:  35% -- { 7000011 } -- 250.00 KIPS (225.81 KIPS)
** Heartbeat:  40% -- { 8000014 } -- 250.00 KIPS (228.57 KIPS)
** Heartbeat:  45% -- { 9000015 } -- 333.33 KIPS (236.84 KIPS)
** Heartbeat:  50% -- { 10000015 } -- 250.00 KIPS (238.10 KIPS)
** Heartbeat:  55% -- { 11000020 } -- 200.00 KIPS (234.04 KIPS)
** Heartbeat:  60% -- { 12000020 } -- 200.00 KIPS (230.77 KIPS)
** Heartbeat:  65% -- { 13000022 } -- 250.00 KIPS (232.14 KIPS)
** Heartbeat:  70% -- { 14000024 } -- 500.00 KIPS (241.38 KIPS)
** Heartbeat:  75% -- { 15000029 } -- 250.00 KIPS (241.94 KIPS)
** Heartbeat:  80% -- { 16000031 } -- 166.67 KIPS (235.29 KIPS)
** Heartbeat:  85% -- { 17000031 } -- 250.00 KIPS (236.11 KIPS)
** Heartbeat:  90% -- { 18000032 } -- 250.00 KIPS (236.84 KIPS)
** Heartbeat:  95% -- { 19000035 } -- 500.00 KIPS (243.59 KIPS)
** Core 0 Finished:    insts:20000000    cycles:13964756    time:4363986250000       -- 1.43 IPC (1.43 IPC) --  N/A  KIPS (243.90 KIPS)
Scarab finished at Thu Oct 31 07:25:56 2024

