Scarab gitrev: 3541854
Scarab started at Thu Oct 31 07:09:10 2024

Initialized Ramulator. 
** Heartbeat:   5% -- { 1000000 } -- 0.00 KIPS (142.86 KIPS)
** Heartbeat:  10% -- { 2000000 } -- 142.86 KIPS (142.86 KIPS)
** Heartbeat:  15% -- { 3000000 } -- 125.00 KIPS (136.36 KIPS)
** Heartbeat:  20% -- { 4000000 } -- 142.86 KIPS (137.93 KIPS)
** Heartbeat:  25% -- { 5000000 } -- 125.00 KIPS (135.14 KIPS)
** Heartbeat:  30% -- { 6000000 } -- 142.86 KIPS (136.36 KIPS)
** Heartbeat:  35% -- { 7000000 } -- 111.11 KIPS (132.08 KIPS)
** Heartbeat:  40% -- { 8000000 } -- 71.43 KIPS (119.40 KIPS)
** Heartbeat:  45% -- { 9000000 } -- 71.43 KIPS (111.11 KIPS)
** Heartbeat:  50% -- { 10000000 } -- 66.67 KIPS (104.17 KIPS)
** Heartbeat:  55% -- { 11000000 } -- 71.43 KIPS (100.00 KIPS)
** Heartbeat:  60% -- { 12000000 } -- 71.43 KIPS (96.77 KIPS)
** Heartbeat:  65% -- { 13000000 } -- 71.43 KIPS (94.20 KIPS)
** Heartbeat:  70% -- { 14000000 } -- 71.43 KIPS (92.11 KIPS)
** Heartbeat:  75% -- { 15000000 } -- 71.43 KIPS (90.36 KIPS)
** Heartbeat:  80% -- { 16000000 } -- 71.43 KIPS (88.89 KIPS)
** Heartbeat:  85% -- { 17000000 } -- 71.43 KIPS (87.63 KIPS)
** Heartbeat:  90% -- { 18000000 } -- 71.43 KIPS (86.54 KIPS)
** Heartbeat:  95% -- { 19000000 } -- 71.43 KIPS (85.59 KIPS)
** Heartbeat: 100% -- { 20000000 } -- 71.43 KIPS (84.75 KIPS)
** Core 0 Finished:    insts:20000000    cycles:20335913    time:6354972812500       -- 0.98 IPC (0.98 IPC) --  N/A  KIPS (84.75 KIPS)
Scarab finished at Thu Oct 31 07:13:06 2024

