Scarab gitrev: 3541854
Scarab started at Thu Oct 31 07:24:14 2024

Initialized Ramulator. 
** Heartbeat:   5% -- { 1000004 } -- 0.00 KIPS (200.00 KIPS)
** Heartbeat:  10% -- { 2000007 } -- 200.00 KIPS (200.00 KIPS)
** Heartbeat:  15% -- { 3000010 } -- 333.33 KIPS (230.77 KIPS)
** Heartbeat:  20% -- { 4000011 } -- 333.33 KIPS (250.00 KIPS)
** Heartbeat:  25% -- { 5000011 } -- 200.00 KIPS (238.10 KIPS)
** Heartbeat:  30% -- { 6000011 } -- 200.00 KIPS (230.77 KIPS)
** Heartbeat:  35% -- { 7000011 } -- 250.00 KIPS (233.33 KIPS)
** Heartbeat:  40% -- { 8000014 } -- 333.33 KIPS (242.42 KIPS)
** Heartbeat:  45% -- { 9000015 } -- 333.33 KIPS (250.00 KIPS)
** Heartbeat:  50% -- { 10000015 } -- 250.00 KIPS (250.00 KIPS)
** Heartbeat:  55% -- { 11000020 } -- 166.67 KIPS (239.13 KIPS)
** Heartbeat:  60% -- { 12000020 } -- 250.00 KIPS (240.00 KIPS)
** Heartbeat:  65% -- { 13000022 } -- 333.33 KIPS (245.28 KIPS)
** Heartbeat:  70% -- { 14000024 } -- 333.33 KIPS (250.00 KIPS)
** Heartbeat:  75% -- { 15000029 } -- 333.33 KIPS (254.24 KIPS)
** Heartbeat:  80% -- { 16000031 } -- 166.67 KIPS (246.15 KIPS)
** Heartbeat:  85% -- { 17000031 } -- 250.00 KIPS (246.38 KIPS)
** Heartbeat:  90% -- { 18000032 } -- 250.00 KIPS (246.58 KIPS)
** Heartbeat:  95% -- { 19000035 } -- 500.00 KIPS (253.33 KIPS)
** Core 0 Finished:    insts:20000000    cycles:14010252    time:4378203750000       -- 1.43 IPC (1.43 IPC) --  N/A  KIPS (253.16 KIPS)
Scarab finished at Thu Oct 31 07:25:33 2024

