Scarab gitrev: 3541854
Scarab started at Thu Oct 31 07:33:53 2024

Initialized Ramulator. 
** Heartbeat:   5% -- { 1000005 } -- 0.00 KIPS (333.33 KIPS)
** Heartbeat:  10% -- { 2000009 } -- 333.33 KIPS (333.33 KIPS)
** Heartbeat:  15% -- { 3000013 } -- 200.00 KIPS (272.73 KIPS)
** Heartbeat:  20% -- { 4000015 } -- 250.00 KIPS (266.67 KIPS)
** Heartbeat:  25% -- { 5000019 } -- 250.00 KIPS (263.16 KIPS)
** Heartbeat:  30% -- { 6000020 } -- 333.33 KIPS (272.73 KIPS)
** Heartbeat:  35% -- { 7000022 } -- 250.00 KIPS (269.23 KIPS)
** Heartbeat:  40% -- { 8000024 } -- 250.00 KIPS (266.67 KIPS)
** Heartbeat:  45% -- { 9000027 } -- 250.00 KIPS (264.71 KIPS)
** Heartbeat:  50% -- { 10000028 } -- 166.67 KIPS (250.00 KIPS)
** Heartbeat:  55% -- { 11000032 } -- 250.00 KIPS (250.00 KIPS)
** Heartbeat:  60% -- { 12000037 } -- 250.00 KIPS (250.00 KIPS)
** Heartbeat:  65% -- { 13000039 } -- 250.00 KIPS (250.00 KIPS)
** Heartbeat:  70% -- { 14000039 } -- 250.00 KIPS (250.00 KIPS)
** Heartbeat:  75% -- { 15000039 } -- 250.00 KIPS (250.00 KIPS)
** Heartbeat:  80% -- { 16000041 } -- 333.33 KIPS (253.97 KIPS)
** Heartbeat:  85% -- { 17000041 } -- 250.00 KIPS (253.73 KIPS)
** Heartbeat:  90% -- { 18000041 } -- 333.33 KIPS (257.14 KIPS)
** Heartbeat:  95% -- { 19000041 } -- 333.33 KIPS (260.27 KIPS)
** Core 0 Finished:    insts:20000002    cycles:14755162    time:4610988125000       -- 1.36 IPC (1.36 IPC) --  N/A  KIPS (266.67 KIPS)
Scarab finished at Thu Oct 31 07:35:08 2024

