Scarab gitrev: 3541854
Scarab started at Thu Oct 31 07:18:29 2024

Initialized Ramulator. 
** Heartbeat:   5% -- { 1000001 } -- 0.00 KIPS (125.00 KIPS)
** Heartbeat:  10% -- { 2000001 } -- 111.11 KIPS (117.65 KIPS)
** Heartbeat:  15% -- { 3000002 } -- 111.11 KIPS (115.38 KIPS)
** Heartbeat:  20% -- { 4000005 } -- 111.11 KIPS (114.29 KIPS)
** Heartbeat:  25% -- { 5000008 } -- 111.11 KIPS (113.64 KIPS)
** Heartbeat:  30% -- { 6000010 } -- 111.11 KIPS (113.21 KIPS)
** Heartbeat:  35% -- { 7000013 } -- 100.00 KIPS (111.11 KIPS)
** Heartbeat:  40% -- { 8000015 } -- 111.11 KIPS (111.11 KIPS)
** Heartbeat:  45% -- { 9000020 } -- 142.86 KIPS (113.92 KIPS)
** Heartbeat:  50% -- { 10000022 } -- 166.67 KIPS (117.65 KIPS)
** Heartbeat:  55% -- { 11000024 } -- 166.67 KIPS (120.88 KIPS)
** Heartbeat:  60% -- { 12000025 } -- 200.00 KIPS (125.00 KIPS)
** Heartbeat:  65% -- { 13000028 } -- 166.67 KIPS (127.45 KIPS)
** Heartbeat:  70% -- { 14000032 } -- 200.00 KIPS (130.84 KIPS)
** Heartbeat:  75% -- { 15000035 } -- 166.67 KIPS (132.74 KIPS)
** Heartbeat:  80% -- { 16000035 } -- 200.00 KIPS (135.59 KIPS)
** Heartbeat:  85% -- { 17000038 } -- 166.67 KIPS (137.10 KIPS)
** Heartbeat:  90% -- { 18000041 } -- 166.67 KIPS (138.46 KIPS)
** Heartbeat:  95% -- { 19000041 } -- 200.00 KIPS (140.74 KIPS)
Warning could not fetch inst from frontend
Warning could not fetch inst from frontend
Warning could not fetch inst from frontend
Warning could not fetch inst from frontend
Warning could not fetch inst from frontend
Warning could not fetch inst from frontend
Warning could not fetch inst from frontend
Warning could not fetch inst from frontend
Warning could not fetch inst from frontend
Warning could not fetch inst from frontend
Warning could not fetch inst from frontend
Warning could not fetch inst from frontend
Warning could not fetch inst from frontend
Warning could not fetch inst from frontend
Warning could not fetch inst from frontend
Warning could not fetch inst from frontend
Warning could not fetch inst from frontend
Warning could not fetch inst from frontend
Warning could not fetch inst from frontend
Warning could not fetch inst from frontend
Warning could not fetch inst from frontend
Warning could not fetch inst from frontend
** Core 0 Finished:    insts:20000000    cycles:20613383    time:6441682187500       -- 0.97 IPC (0.97 IPC) --  N/A  KIPS (142.86 KIPS)
Scarab finished at Thu Oct 31 07:20:50 2024

