Scarab gitrev: 3541854
Scarab started at Thu Oct 31 07:04:24 2024

Initialized Ramulator. 
** Heartbeat:   5% -- { 1000000 } -- 0.00 KIPS (125.00 KIPS)
** Heartbeat:  10% -- { 2000000 } -- 142.86 KIPS (133.33 KIPS)
** Heartbeat:  15% -- { 3000000 } -- 125.00 KIPS (130.43 KIPS)
** Heartbeat:  20% -- { 4000000 } -- 142.86 KIPS (133.33 KIPS)
** Heartbeat:  25% -- { 5000000 } -- 125.00 KIPS (131.58 KIPS)
** Heartbeat:  30% -- { 6000000 } -- 142.86 KIPS (133.33 KIPS)
** Heartbeat:  35% -- { 7000000 } -- 142.86 KIPS (134.62 KIPS)
** Heartbeat:  40% -- { 8000000 } -- 125.00 KIPS (133.33 KIPS)
** Heartbeat:  45% -- { 9000000 } -- 142.86 KIPS (134.33 KIPS)
** Heartbeat:  50% -- { 10000000 } -- 142.86 KIPS (135.14 KIPS)
** Heartbeat:  55% -- { 11000000 } -- 142.86 KIPS (135.80 KIPS)
** Heartbeat:  60% -- { 12000000 } -- 142.86 KIPS (136.36 KIPS)
** Heartbeat:  65% -- { 13000000 } -- 125.00 KIPS (135.42 KIPS)
** Heartbeat:  70% -- { 14000000 } -- 142.86 KIPS (135.92 KIPS)
** Heartbeat:  75% -- { 15000000 } -- 142.86 KIPS (136.36 KIPS)
** Heartbeat:  80% -- { 16000000 } -- 142.86 KIPS (136.75 KIPS)
** Heartbeat:  85% -- { 17000000 } -- 125.00 KIPS (136.00 KIPS)
** Heartbeat:  90% -- { 18000005 } -- 142.86 KIPS (136.36 KIPS)
** Heartbeat:  95% -- { 19000009 } -- 125.00 KIPS (135.71 KIPS)
** Core 0 Finished:    insts:20000000    cycles:20781641    time:6494262812500       -- 0.96 IPC (0.96 IPC) --  N/A  KIPS (136.05 KIPS)
Scarab finished at Thu Oct 31 07:06:51 2024

