Scarab gitrev: 3541854
Scarab started at Thu Oct 31 07:33:34 2024

Initialized Ramulator. 
** Heartbeat:   5% -- { 1000005 } -- 0.00 KIPS (166.67 KIPS)
** Heartbeat:  10% -- { 2000009 } -- 166.67 KIPS (166.67 KIPS)
** Heartbeat:  15% -- { 3000013 } -- 142.86 KIPS (157.90 KIPS)
** Heartbeat:  20% -- { 4000015 } -- 142.86 KIPS (153.85 KIPS)
** Heartbeat:  25% -- { 5000019 } -- 125.00 KIPS (147.06 KIPS)
** Heartbeat:  30% -- { 6000020 } -- 200.00 KIPS (153.85 KIPS)
** Heartbeat:  35% -- { 7000022 } -- 333.33 KIPS (166.67 KIPS)
** Heartbeat:  40% -- { 8000024 } -- 250.00 KIPS (173.91 KIPS)
** Heartbeat:  45% -- { 9000027 } -- 200.00 KIPS (176.47 KIPS)
** Heartbeat:  50% -- { 10000028 } -- 200.00 KIPS (178.57 KIPS)
** Heartbeat:  55% -- { 11000032 } -- 200.00 KIPS (180.33 KIPS)
** Heartbeat:  60% -- { 12000037 } -- 250.00 KIPS (184.62 KIPS)
** Heartbeat:  65% -- { 13000039 } -- 250.00 KIPS (188.41 KIPS)
** Heartbeat:  70% -- { 14000039 } -- 333.33 KIPS (194.44 KIPS)
** Heartbeat:  75% -- { 15000039 } -- 250.00 KIPS (197.37 KIPS)
** Heartbeat:  80% -- { 16000041 } -- 250.00 KIPS (200.00 KIPS)
** Heartbeat:  85% -- { 17000041 } -- 333.33 KIPS (204.82 KIPS)
** Heartbeat:  90% -- { 18000041 } -- 333.33 KIPS (209.30 KIPS)
** Heartbeat:  95% -- { 19000041 } -- 333.33 KIPS (213.48 KIPS)
** Core 0 Finished:    insts:20000002    cycles:14783202    time:4619750625000       -- 1.35 IPC (1.35 IPC) --  N/A  KIPS (217.39 KIPS)
Scarab finished at Thu Oct 31 07:35:06 2024

