Scarab gitrev: 3541854
Scarab started at Thu Oct 31 07:33:05 2024

Initialized Ramulator. 
** Heartbeat:   5% -- { 1000005 } -- 0.00 KIPS (166.67 KIPS)
** Heartbeat:  10% -- { 2000010 } -- 166.67 KIPS (166.67 KIPS)
** Heartbeat:  15% -- { 3000013 } -- 125.00 KIPS (150.00 KIPS)
** Heartbeat:  20% -- { 4000015 } -- 125.00 KIPS (142.86 KIPS)
** Heartbeat:  25% -- { 5000019 } -- 125.00 KIPS (138.89 KIPS)
** Heartbeat:  30% -- { 6000020 } -- 166.67 KIPS (142.86 KIPS)
** Heartbeat:  35% -- { 7000022 } -- 125.00 KIPS (140.00 KIPS)
** Heartbeat:  40% -- { 8000024 } -- 142.86 KIPS (140.35 KIPS)
** Heartbeat:  45% -- { 9000027 } -- 100.00 KIPS (134.33 KIPS)
** Heartbeat:  50% -- { 10000028 } -- 166.67 KIPS (136.99 KIPS)
** Heartbeat:  55% -- { 11000028 } -- 200.00 KIPS (141.03 KIPS)
** Heartbeat:  60% -- { 12000031 } -- 200.00 KIPS (144.58 KIPS)
** Heartbeat:  65% -- { 13000031 } -- 250.00 KIPS (149.43 KIPS)
** Heartbeat:  70% -- { 14000031 } -- 250.00 KIPS (153.85 KIPS)
** Heartbeat:  75% -- { 15000036 } -- 250.00 KIPS (157.90 KIPS)
** Heartbeat:  80% -- { 16000041 } -- 250.00 KIPS (161.62 KIPS)
** Heartbeat:  85% -- { 17000041 } -- 250.00 KIPS (165.05 KIPS)
** Heartbeat:  90% -- { 18000041 } -- 250.00 KIPS (168.22 KIPS)
** Heartbeat:  95% -- { 19000041 } -- 333.33 KIPS (172.73 KIPS)
** Core 0 Finished:    insts:20000002    cycles:16059504    time:5018595000000       -- 1.25 IPC (1.25 IPC) --  N/A  KIPS (176.99 KIPS)
Scarab finished at Thu Oct 31 07:34:58 2024

