Scarab gitrev: 3541854
Scarab started at Thu Oct 31 07:10:01 2024

Initialized Ramulator. 
** Heartbeat:   5% -- { 1000000 } -- 0.00 KIPS (76.92 KIPS)
** Heartbeat:  10% -- { 2000000 } -- 71.43 KIPS (74.07 KIPS)
** Heartbeat:  15% -- { 3000000 } -- 71.43 KIPS (73.17 KIPS)
** Heartbeat:  20% -- { 4000000 } -- 71.43 KIPS (72.73 KIPS)
** Heartbeat:  25% -- { 5000000 } -- 66.67 KIPS (71.43 KIPS)
** Heartbeat:  30% -- { 6000000 } -- 71.43 KIPS (71.43 KIPS)
** Heartbeat:  35% -- { 7000000 } -- 71.43 KIPS (71.43 KIPS)
** Heartbeat:  40% -- { 8000000 } -- 71.43 KIPS (71.43 KIPS)
** Heartbeat:  45% -- { 9000000 } -- 71.43 KIPS (71.43 KIPS)
** Heartbeat:  50% -- { 10000000 } -- 71.43 KIPS (71.43 KIPS)
** Heartbeat:  55% -- { 11000000 } -- 71.43 KIPS (71.43 KIPS)
** Heartbeat:  60% -- { 12000000 } -- 71.43 KIPS (71.43 KIPS)
** Heartbeat:  65% -- { 13000000 } -- 71.43 KIPS (71.43 KIPS)
** Heartbeat:  70% -- { 14000000 } -- 100.00 KIPS (72.92 KIPS)
** Heartbeat:  75% -- { 15000000 } -- 142.86 KIPS (75.38 KIPS)
** Heartbeat:  80% -- { 16000000 } -- 100.00 KIPS (76.56 KIPS)
** Heartbeat:  85% -- { 17000000 } -- 76.92 KIPS (76.58 KIPS)
** Heartbeat:  90% -- { 18000000 } -- 76.92 KIPS (76.60 KIPS)
** Heartbeat:  95% -- { 19000000 } -- 76.92 KIPS (76.61 KIPS)
** Heartbeat: 100% -- { 20000000 } -- 76.92 KIPS (76.63 KIPS)
** Core 0 Finished:    insts:20000000    cycles:20337096    time:6355342500000       -- 0.98 IPC (0.98 IPC) --  N/A  KIPS (76.63 KIPS)
Scarab finished at Thu Oct 31 07:14:22 2024

