Scarab gitrev: 3541854
Scarab started at Thu Oct 31 07:14:14 2024

Initialized Ramulator. 
** Heartbeat:   5% -- { 1000000 } -- 0.00 KIPS (200.00 KIPS)
** Heartbeat:  10% -- { 2000000 } -- 250.00 KIPS (222.22 KIPS)
** Heartbeat:  15% -- { 3000003 } -- 200.00 KIPS (214.29 KIPS)
** Heartbeat:  20% -- { 4000004 } -- 200.00 KIPS (210.53 KIPS)
** Heartbeat:  25% -- { 5000007 } -- 200.00 KIPS (208.33 KIPS)
** Heartbeat:  30% -- { 6000012 } -- 200.00 KIPS (206.90 KIPS)
** Heartbeat:  35% -- { 7000016 } -- 166.67 KIPS (200.00 KIPS)
** Heartbeat:  40% -- { 8000016 } -- 250.00 KIPS (205.13 KIPS)
** Heartbeat:  45% -- { 9000017 } -- 200.00 KIPS (204.55 KIPS)
** Heartbeat:  50% -- { 10000018 } -- 200.00 KIPS (204.08 KIPS)
** Heartbeat:  55% -- { 11000018 } -- 200.00 KIPS (203.70 KIPS)
** Heartbeat:  60% -- { 12000018 } -- 250.00 KIPS (206.90 KIPS)
** Heartbeat:  65% -- { 13000018 } -- 200.00 KIPS (206.35 KIPS)
** Heartbeat:  70% -- { 14000019 } -- 200.00 KIPS (205.88 KIPS)
** Heartbeat:  75% -- { 15000023 } -- 200.00 KIPS (205.48 KIPS)
** Heartbeat:  80% -- { 16000026 } -- 200.00 KIPS (205.13 KIPS)
** Heartbeat:  85% -- { 17000026 } -- 250.00 KIPS (207.32 KIPS)
** Heartbeat:  90% -- { 18000026 } -- 166.67 KIPS (204.55 KIPS)
** Heartbeat:  95% -- { 19000026 } -- 200.00 KIPS (204.30 KIPS)
** Core 0 Finished:    insts:20000003    cycles:12202470    time:3813271875000       -- 1.64 IPC (1.64 IPC) --  N/A  KIPS (202.02 KIPS)
Scarab finished at Thu Oct 31 07:15:53 2024

