Scarab gitrev: 3541854
Scarab started at Thu Oct 31 07:24:24 2024

Initialized Ramulator. 
** Heartbeat:   5% -- { 1000004 } -- 0.00 KIPS (200.00 KIPS)
** Heartbeat:  10% -- { 2000007 } -- 250.00 KIPS (222.22 KIPS)
** Heartbeat:  15% -- { 3000010 } -- 250.00 KIPS (230.77 KIPS)
** Heartbeat:  20% -- { 4000011 } -- 333.33 KIPS (250.00 KIPS)
** Heartbeat:  25% -- { 5000011 } -- 200.00 KIPS (238.10 KIPS)
** Heartbeat:  30% -- { 6000011 } -- 200.00 KIPS (230.77 KIPS)
** Heartbeat:  35% -- { 7000011 } -- 250.00 KIPS (233.33 KIPS)
** Heartbeat:  40% -- { 8000014 } -- 333.33 KIPS (242.42 KIPS)
** Heartbeat:  45% -- { 9000015 } -- 333.33 KIPS (250.00 KIPS)
** Heartbeat:  50% -- { 10000015 } -- 250.00 KIPS (250.00 KIPS)
** Heartbeat:  55% -- { 11000020 } -- 166.67 KIPS (239.13 KIPS)
** Heartbeat:  60% -- { 12000020 } -- 142.86 KIPS (226.42 KIPS)
** Heartbeat:  65% -- { 13000022 } -- 166.67 KIPS (220.34 KIPS)
** Heartbeat:  70% -- { 14000024 } -- 200.00 KIPS (218.75 KIPS)
** Heartbeat:  75% -- { 15000029 } -- 166.67 KIPS (214.29 KIPS)
** Heartbeat:  80% -- { 16000031 } -- 100.00 KIPS (200.00 KIPS)
** Heartbeat:  85% -- { 17000031 } -- 142.86 KIPS (195.40 KIPS)
** Heartbeat:  90% -- { 18000032 } -- 166.67 KIPS (193.55 KIPS)
** Heartbeat:  95% -- { 19000035 } -- 250.00 KIPS (195.88 KIPS)
** Core 0 Finished:    insts:20000000    cycles:13994433    time:4373260312500       -- 1.43 IPC (1.43 IPC) --  N/A  KIPS (194.17 KIPS)
Scarab finished at Thu Oct 31 07:26:07 2024

