Scarab gitrev: 3541854
Scarab started at Thu Oct 31 07:14:18 2024

Initialized Ramulator. 
** Heartbeat:   5% -- { 1000000 } -- 0.00 KIPS (200.00 KIPS)
** Heartbeat:  10% -- { 2000000 } -- 200.00 KIPS (200.00 KIPS)
** Heartbeat:  15% -- { 3000003 } -- 200.00 KIPS (200.00 KIPS)
** Heartbeat:  20% -- { 4000004 } -- 200.00 KIPS (200.00 KIPS)
** Heartbeat:  25% -- { 5000008 } -- 200.00 KIPS (200.00 KIPS)
** Heartbeat:  30% -- { 6000008 } -- 200.00 KIPS (200.00 KIPS)
** Heartbeat:  35% -- { 7000011 } -- 166.67 KIPS (194.44 KIPS)
** Heartbeat:  40% -- { 8000013 } -- 250.00 KIPS (200.00 KIPS)
** Heartbeat:  45% -- { 9000017 } -- 250.00 KIPS (204.55 KIPS)
** Heartbeat:  50% -- { 10000018 } -- 200.00 KIPS (204.08 KIPS)
** Heartbeat:  55% -- { 11000018 } -- 166.67 KIPS (200.00 KIPS)
** Heartbeat:  60% -- { 12000018 } -- 250.00 KIPS (203.39 KIPS)
** Heartbeat:  65% -- { 13000018 } -- 200.00 KIPS (203.13 KIPS)
** Heartbeat:  70% -- { 14000019 } -- 200.00 KIPS (202.90 KIPS)
** Heartbeat:  75% -- { 15000023 } -- 200.00 KIPS (202.70 KIPS)
** Heartbeat:  80% -- { 16000026 } -- 200.00 KIPS (202.53 KIPS)
** Heartbeat:  85% -- { 17000026 } -- 250.00 KIPS (204.82 KIPS)
** Heartbeat:  90% -- { 18000026 } -- 200.00 KIPS (204.55 KIPS)
** Heartbeat:  95% -- { 19000026 } -- 200.00 KIPS (204.30 KIPS)
** Core 0 Finished:    insts:20000000    cycles:12175761    time:3804925312500       -- 1.64 IPC (1.64 IPC) --  N/A  KIPS (200.00 KIPS)
Scarab finished at Thu Oct 31 07:15:58 2024

