Scarab gitrev: 3541854
Scarab started at Thu Oct 31 07:09:08 2024

Initialized Ramulator. 
** Heartbeat:   5% -- { 1000000 } -- 0.00 KIPS (83.33 KIPS)
** Heartbeat:  10% -- { 2000000 } -- 76.92 KIPS (80.00 KIPS)
** Heartbeat:  15% -- { 3000000 } -- 76.92 KIPS (78.95 KIPS)
** Heartbeat:  20% -- { 4000000 } -- 76.92 KIPS (78.43 KIPS)
** Heartbeat:  25% -- { 5000000 } -- 76.92 KIPS (78.12 KIPS)
** Heartbeat:  30% -- { 6000000 } -- 76.92 KIPS (77.92 KIPS)
** Heartbeat:  35% -- { 7000000 } -- 76.92 KIPS (77.78 KIPS)
** Heartbeat:  40% -- { 8000000 } -- 71.43 KIPS (76.92 KIPS)
** Heartbeat:  45% -- { 9000000 } -- 76.92 KIPS (76.92 KIPS)
** Heartbeat:  50% -- { 10000000 } -- 76.92 KIPS (76.92 KIPS)
** Heartbeat:  55% -- { 11000000 } -- 76.92 KIPS (76.92 KIPS)
** Heartbeat:  60% -- { 12000000 } -- 76.92 KIPS (76.92 KIPS)
** Heartbeat:  65% -- { 13000000 } -- 76.92 KIPS (76.92 KIPS)
** Heartbeat:  70% -- { 14000000 } -- 76.92 KIPS (76.92 KIPS)
** Heartbeat:  75% -- { 15000000 } -- 76.92 KIPS (76.92 KIPS)
** Heartbeat:  80% -- { 16000000 } -- 76.92 KIPS (76.92 KIPS)
** Heartbeat:  85% -- { 17000000 } -- 76.92 KIPS (76.92 KIPS)
** Heartbeat:  90% -- { 18000000 } -- 76.92 KIPS (76.92 KIPS)
** Heartbeat:  95% -- { 19000000 } -- 76.92 KIPS (76.92 KIPS)
** Heartbeat: 100% -- { 20000000 } -- 90.91 KIPS (77.52 KIPS)
** Core 0 Finished:    insts:20000000    cycles:20337096    time:6355342500000       -- 0.98 IPC (0.98 IPC) --  N/A  KIPS (77.52 KIPS)
Scarab finished at Thu Oct 31 07:13:26 2024

