Scarab gitrev: 3541854
Scarab started at Thu Oct 31 07:33:31 2024

Initialized Ramulator. 
** Heartbeat:   5% -- { 1000005 } -- 0.00 KIPS (166.67 KIPS)
** Heartbeat:  10% -- { 2000009 } -- 166.67 KIPS (166.67 KIPS)
** Heartbeat:  15% -- { 3000013 } -- 142.86 KIPS (157.90 KIPS)
** Heartbeat:  20% -- { 4000015 } -- 142.86 KIPS (153.85 KIPS)
** Heartbeat:  25% -- { 5000019 } -- 142.86 KIPS (151.52 KIPS)
** Heartbeat:  30% -- { 6000020 } -- 142.86 KIPS (150.00 KIPS)
** Heartbeat:  35% -- { 7000022 } -- 250.00 KIPS (159.09 KIPS)
** Heartbeat:  40% -- { 8000024 } -- 333.33 KIPS (170.21 KIPS)
** Heartbeat:  45% -- { 9000027 } -- 200.00 KIPS (173.08 KIPS)
** Heartbeat:  50% -- { 10000028 } -- 200.00 KIPS (175.44 KIPS)
** Heartbeat:  55% -- { 11000032 } -- 200.00 KIPS (177.42 KIPS)
** Heartbeat:  60% -- { 12000037 } -- 250.00 KIPS (181.82 KIPS)
** Heartbeat:  65% -- { 13000039 } -- 250.00 KIPS (185.71 KIPS)
** Heartbeat:  70% -- { 14000039 } -- 250.00 KIPS (189.19 KIPS)
** Heartbeat:  75% -- { 15000039 } -- 333.33 KIPS (194.81 KIPS)
** Heartbeat:  80% -- { 16000041 } -- 250.00 KIPS (197.53 KIPS)
** Heartbeat:  85% -- { 17000041 } -- 250.00 KIPS (200.00 KIPS)
** Heartbeat:  90% -- { 18000041 } -- 333.33 KIPS (204.55 KIPS)
** Heartbeat:  95% -- { 19000041 } -- 333.33 KIPS (208.79 KIPS)
** Core 0 Finished:    insts:20000002    cycles:14874079    time:4648149687500       -- 1.34 IPC (1.34 IPC) --  N/A  KIPS (212.77 KIPS)
Scarab finished at Thu Oct 31 07:35:05 2024

