Scarab gitrev: 3541854
Scarab started at Fri Nov  1 18:52:51 2024

Initialized Ramulator. 
** Heartbeat:   5% -- { 1000003 } -- 0.00 KIPS (58.82 KIPS)
** Heartbeat:  10% -- { 2000006 } -- 90.91 KIPS (71.43 KIPS)
** Heartbeat:  15% -- { 3000007 } -- 100.00 KIPS (78.95 KIPS)
** Heartbeat:  20% -- { 4000008 } -- 100.00 KIPS (83.33 KIPS)
** Heartbeat:  25% -- { 5000008 } -- 62.50 KIPS (78.13 KIPS)
** Heartbeat:  30% -- { 6000009 } -- 62.50 KIPS (75.00 KIPS)
** Heartbeat:  35% -- { 7000011 } -- 111.11 KIPS (78.65 KIPS)
** Heartbeat:  40% -- { 8000013 } -- 125.00 KIPS (82.47 KIPS)
** Heartbeat:  45% -- { 9000015 } -- 100.00 KIPS (84.11 KIPS)
** Heartbeat:  50% -- { 10000016 } -- 111.11 KIPS (86.21 KIPS)
** Heartbeat:  55% -- { 11000020 } -- 111.11 KIPS (88.00 KIPS)
** Heartbeat:  60% -- { 12000023 } -- 111.11 KIPS (89.55 KIPS)
** Heartbeat:  65% -- { 13000023 } -- 100.00 KIPS (90.28 KIPS)
** Heartbeat:  70% -- { 14000024 } -- 90.91 KIPS (90.32 KIPS)
** Heartbeat:  75% -- { 15000024 } -- 62.50 KIPS (87.72 KIPS)
** Heartbeat:  80% -- { 16000027 } -- 100.00 KIPS (88.40 KIPS)
** Heartbeat:  85% -- { 17000027 } -- 90.91 KIPS (88.54 KIPS)
** Heartbeat:  90% -- { 18000027 } -- 76.92 KIPS (87.81 KIPS)
** Heartbeat:  95% -- { 19000029 } -- 62.50 KIPS (85.97 KIPS)
Warning could not fetch inst from frontend
Warning could not fetch inst from frontend
Warning could not fetch inst from frontend
Warning could not fetch inst from frontend
Warning could not fetch inst from frontend
Warning could not fetch inst from frontend
Warning could not fetch inst from frontend
Warning could not fetch inst from frontend
Warning could not fetch inst from frontend
Warning could not fetch inst from frontend
Warning could not fetch inst from frontend
Warning could not fetch inst from frontend
Warning could not fetch inst from frontend
Warning could not fetch inst from frontend
Warning could not fetch inst from frontend
Warning could not fetch inst from frontend
Warning could not fetch inst from frontend
Warning could not fetch inst from frontend
Warning could not fetch inst from frontend
Warning could not fetch inst from frontend
Warning could not fetch inst from frontend
Warning could not fetch inst from frontend
Warning could not fetch inst from frontend
Warning could not fetch inst from frontend
Warning could not fetch inst from frontend
Warning could not fetch inst from frontend
Warning could not fetch inst from frontend
** Core 0 Finished:    insts:20000000    cycles:30182141    time:9431919062500       -- 0.66 IPC (0.66 IPC) --  N/A  KIPS (84.03 KIPS)
Scarab finished at Fri Nov  1 18:56:50 2024

