Scarab gitrev: 3541854
Scarab started at Thu Oct 31 07:23:27 2024

Initialized Ramulator. 
** Heartbeat:   5% -- { 1000004 } -- 0.00 KIPS (200.00 KIPS)
** Heartbeat:  10% -- { 2000007 } -- 200.00 KIPS (200.00 KIPS)
** Heartbeat:  15% -- { 3000010 } -- 250.00 KIPS (214.29 KIPS)
** Heartbeat:  20% -- { 4000011 } -- 333.33 KIPS (235.29 KIPS)
** Heartbeat:  25% -- { 5000011 } -- 142.86 KIPS (208.33 KIPS)
** Heartbeat:  30% -- { 6000011 } -- 125.00 KIPS (187.50 KIPS)
** Heartbeat:  35% -- { 7000011 } -- 125.00 KIPS (175.00 KIPS)
** Heartbeat:  40% -- { 8000014 } -- 166.67 KIPS (173.91 KIPS)
** Heartbeat:  45% -- { 9000015 } -- 200.00 KIPS (176.47 KIPS)
** Heartbeat:  50% -- { 10000015 } -- 142.86 KIPS (172.41 KIPS)
** Heartbeat:  55% -- { 11000020 } -- 100.00 KIPS (161.76 KIPS)
** Heartbeat:  60% -- { 12000022 } -- 142.86 KIPS (160.00 KIPS)
** Heartbeat:  65% -- { 13000022 } -- 166.67 KIPS (160.49 KIPS)
** Heartbeat:  70% -- { 14000024 } -- 200.00 KIPS (162.79 KIPS)
** Heartbeat:  75% -- { 15000029 } -- 166.67 KIPS (163.04 KIPS)
** Heartbeat:  80% -- { 16000031 } -- 90.91 KIPS (155.34 KIPS)
** Heartbeat:  85% -- { 17000031 } -- 166.67 KIPS (155.96 KIPS)
** Heartbeat:  90% -- { 18000032 } -- 142.86 KIPS (155.17 KIPS)
** Heartbeat:  95% -- { 19000032 } -- 250.00 KIPS (158.33 KIPS)
** Core 0 Finished:    insts:20000000    cycles:14065743    time:4395544687500       -- 1.42 IPC (1.42 IPC) --  N/A  KIPS (158.73 KIPS)
Scarab finished at Thu Oct 31 07:25:34 2024

