Scarab gitrev: 3541854
Scarab started at Thu Oct 31 07:13:56 2024

Initialized Ramulator. 
** Heartbeat:   5% -- { 1000000 } -- 0.00 KIPS (200.00 KIPS)
** Heartbeat:  10% -- { 2000000 } -- 250.00 KIPS (222.22 KIPS)
** Heartbeat:  15% -- { 3000003 } -- 200.00 KIPS (214.29 KIPS)
** Heartbeat:  20% -- { 4000007 } -- 200.00 KIPS (210.53 KIPS)
** Heartbeat:  25% -- { 5000008 } -- 200.00 KIPS (208.33 KIPS)
** Heartbeat:  30% -- { 6000008 } -- 125.00 KIPS (187.50 KIPS)
** Heartbeat:  35% -- { 7000011 } -- 111.11 KIPS (170.73 KIPS)
** Heartbeat:  40% -- { 8000013 } -- 142.86 KIPS (166.67 KIPS)
** Heartbeat:  45% -- { 9000017 } -- 125.00 KIPS (160.71 KIPS)
** Heartbeat:  50% -- { 10000018 } -- 125.00 KIPS (156.25 KIPS)
** Heartbeat:  55% -- { 11000018 } -- 100.00 KIPS (148.65 KIPS)
** Heartbeat:  60% -- { 12000018 } -- 142.86 KIPS (148.15 KIPS)
** Heartbeat:  65% -- { 13000018 } -- 125.00 KIPS (146.07 KIPS)
** Heartbeat:  70% -- { 14000019 } -- 111.11 KIPS (142.86 KIPS)
** Heartbeat:  75% -- { 15000023 } -- 125.00 KIPS (141.51 KIPS)
** Heartbeat:  80% -- { 16000026 } -- 111.11 KIPS (139.13 KIPS)
** Heartbeat:  85% -- { 17000026 } -- 142.86 KIPS (139.34 KIPS)
** Heartbeat:  90% -- { 18000026 } -- 111.11 KIPS (137.40 KIPS)
** Heartbeat:  95% -- { 19000026 } -- 111.11 KIPS (135.71 KIPS)
** Core 0 Finished:    insts:20000000    cycles:12155980    time:3798743750000       -- 1.65 IPC (1.65 IPC) --  N/A  KIPS (133.33 KIPS)
Scarab finished at Thu Oct 31 07:16:26 2024

