Scarab gitrev: 3541854
Scarab started at Thu Oct 31 07:23:41 2024

Initialized Ramulator. 
** Heartbeat:   5% -- { 1000004 } -- 0.00 KIPS (111.11 KIPS)
** Heartbeat:  10% -- { 2000007 } -- 125.00 KIPS (117.65 KIPS)
** Heartbeat:  15% -- { 3000010 } -- 142.86 KIPS (125.00 KIPS)
** Heartbeat:  20% -- { 4000011 } -- 200.00 KIPS (137.93 KIPS)
** Heartbeat:  25% -- { 5000011 } -- 111.11 KIPS (131.58 KIPS)
** Heartbeat:  30% -- { 6000011 } -- 111.11 KIPS (127.66 KIPS)
** Heartbeat:  35% -- { 7000011 } -- 125.00 KIPS (127.27 KIPS)
** Heartbeat:  40% -- { 8000014 } -- 166.67 KIPS (131.15 KIPS)
** Heartbeat:  45% -- { 9000015 } -- 200.00 KIPS (136.36 KIPS)
** Heartbeat:  50% -- { 10000015 } -- 125.00 KIPS (135.14 KIPS)
** Heartbeat:  55% -- { 11000020 } -- 111.11 KIPS (132.53 KIPS)
** Heartbeat:  60% -- { 12000020 } -- 166.67 KIPS (134.83 KIPS)
** Heartbeat:  65% -- { 13000022 } -- 250.00 KIPS (139.79 KIPS)
** Heartbeat:  70% -- { 14000024 } -- 333.33 KIPS (145.83 KIPS)
** Heartbeat:  75% -- { 15000029 } -- 333.33 KIPS (151.52 KIPS)
** Heartbeat:  80% -- { 16000031 } -- 142.86 KIPS (150.94 KIPS)
** Heartbeat:  85% -- { 17000031 } -- 250.00 KIPS (154.55 KIPS)
** Heartbeat:  90% -- { 18000032 } -- 250.00 KIPS (157.90 KIPS)
** Heartbeat:  95% -- { 19000032 } -- 500.00 KIPS (163.79 KIPS)
** Core 0 Finished:    insts:20000000    cycles:14200666    time:4437708125000       -- 1.41 IPC (1.41 IPC) --  N/A  KIPS (166.67 KIPS)
Scarab finished at Thu Oct 31 07:25:41 2024

