Scarab gitrev: 3541854
Scarab started at Thu Oct 31 07:33:27 2024

Initialized Ramulator. 
** Heartbeat:   5% -- { 1000005 } -- 0.00 KIPS (166.67 KIPS)
** Heartbeat:  10% -- { 2000010 } -- 250.00 KIPS (200.00 KIPS)
** Heartbeat:  15% -- { 3000013 } -- 250.00 KIPS (214.29 KIPS)
** Heartbeat:  20% -- { 4000015 } -- 250.00 KIPS (222.22 KIPS)
** Heartbeat:  25% -- { 5000019 } -- 200.00 KIPS (217.39 KIPS)
** Heartbeat:  30% -- { 6000020 } -- 333.33 KIPS (230.77 KIPS)
** Heartbeat:  35% -- { 7000022 } -- 250.00 KIPS (233.33 KIPS)
** Heartbeat:  40% -- { 8000024 } -- 250.00 KIPS (235.29 KIPS)
** Heartbeat:  45% -- { 9000027 } -- 166.67 KIPS (225.00 KIPS)
** Heartbeat:  50% -- { 10000028 } -- 200.00 KIPS (222.22 KIPS)
** Heartbeat:  55% -- { 11000032 } -- 200.00 KIPS (220.00 KIPS)
** Heartbeat:  60% -- { 12000032 } -- 200.00 KIPS (218.18 KIPS)
** Heartbeat:  65% -- { 13000033 } -- 250.00 KIPS (220.34 KIPS)
** Heartbeat:  70% -- { 14000036 } -- 250.00 KIPS (222.22 KIPS)
** Heartbeat:  75% -- { 15000036 } -- 250.00 KIPS (223.88 KIPS)
** Heartbeat:  80% -- { 16000041 } -- 250.00 KIPS (225.35 KIPS)
** Heartbeat:  85% -- { 17000042 } -- 250.00 KIPS (226.67 KIPS)
** Heartbeat:  90% -- { 18000044 } -- 333.33 KIPS (230.77 KIPS)
** Heartbeat:  95% -- { 19000047 } -- 250.00 KIPS (231.71 KIPS)
** Core 0 Finished:    insts:20000002    cycles:15689085    time:4902839062500       -- 1.27 IPC (1.27 IPC) --  N/A  KIPS (235.29 KIPS)
Scarab finished at Thu Oct 31 07:34:52 2024

