Scarab gitrev: 3541854
Scarab started at Fri Nov  1 19:15:39 2024

Initialized Ramulator. 
** Heartbeat:   5% -- { 1000002 } -- 0.00 KIPS (125.00 KIPS)
** Heartbeat:  10% -- { 2000003 } -- 166.67 KIPS (142.86 KIPS)
** Heartbeat:  15% -- { 3000004 } -- 166.67 KIPS (150.00 KIPS)
** Heartbeat:  20% -- { 4000004 } -- 142.86 KIPS (148.15 KIPS)
** Heartbeat:  25% -- { 5000006 } -- 166.67 KIPS (151.52 KIPS)
** Heartbeat:  30% -- { 6000009 } -- 166.67 KIPS (153.85 KIPS)
** Heartbeat:  35% -- { 7000013 } -- 166.67 KIPS (155.56 KIPS)
** Heartbeat:  40% -- { 8000013 } -- 166.67 KIPS (156.86 KIPS)
** Heartbeat:  45% -- { 9000014 } -- 200.00 KIPS (160.71 KIPS)
** Heartbeat:  50% -- { 10000016 } -- 166.67 KIPS (161.29 KIPS)
** Heartbeat:  55% -- { 11000021 } -- 125.00 KIPS (157.14 KIPS)
** Heartbeat:  60% -- { 12000021 } -- 90.91 KIPS (148.15 KIPS)
** Heartbeat:  65% -- { 13000024 } -- 100.00 KIPS (142.86 KIPS)
** Heartbeat:  70% -- { 14000027 } -- 100.00 KIPS (138.61 KIPS)
** Heartbeat:  75% -- { 15000028 } -- 125.00 KIPS (137.61 KIPS)
** Heartbeat:  80% -- { 16000029 } -- 142.86 KIPS (137.93 KIPS)
** Heartbeat:  85% -- { 17000030 } -- 166.67 KIPS (139.34 KIPS)
** Heartbeat:  90% -- { 18000032 } -- 166.67 KIPS (140.63 KIPS)
** Heartbeat:  95% -- { 19000034 } -- 166.67 KIPS (141.79 KIPS)
Warning could not fetch inst from frontend
Warning could not fetch inst from frontend
Warning could not fetch inst from frontend
Warning could not fetch inst from frontend
Warning could not fetch inst from frontend
Warning could not fetch inst from frontend
Warning could not fetch inst from frontend
Warning could not fetch inst from frontend
Warning could not fetch inst from frontend
Warning could not fetch inst from frontend
Warning could not fetch inst from frontend
Warning could not fetch inst from frontend
Warning could not fetch inst from frontend
Warning could not fetch inst from frontend
Warning could not fetch inst from frontend
Warning could not fetch inst from frontend
Warning could not fetch inst from frontend
Warning could not fetch inst from frontend
Warning could not fetch inst from frontend
Warning could not fetch inst from frontend
Warning could not fetch inst from frontend
Warning could not fetch inst from frontend
Warning could not fetch inst from frontend
Warning could not fetch inst from frontend
Warning could not fetch inst from frontend
Warning could not fetch inst from frontend
Warning could not fetch inst from frontend
Warning could not fetch inst from frontend
Warning could not fetch inst from frontend
Warning could not fetch inst from frontend
Warning could not fetch inst from frontend
Warning could not fetch inst from frontend
Warning could not fetch inst from frontend
Warning could not fetch inst from frontend
Warning could not fetch inst from frontend
Warning could not fetch inst from frontend
Warning could not fetch inst from frontend
Warning could not fetch inst from frontend
Warning could not fetch inst from frontend
Warning could not fetch inst from frontend
Warning could not fetch inst from frontend
Warning could not fetch inst from frontend
Warning could not fetch inst from frontend
Warning could not fetch inst from frontend
Warning could not fetch inst from frontend
Warning could not fetch inst from frontend
Warning could not fetch inst from frontend
Warning could not fetch inst from frontend
Warning could not fetch inst from frontend
Warning could not fetch inst from frontend
Warning could not fetch inst from frontend
Warning could not fetch inst from frontend
Warning could not fetch inst from frontend
Warning could not fetch inst from frontend
Warning could not fetch inst from frontend
Warning could not fetch inst from frontend
Warning could not fetch inst from frontend
Warning could not fetch inst from frontend
Warning could not fetch inst from frontend
Warning could not fetch inst from frontend
Warning could not fetch inst from frontend
Warning could not fetch inst from frontend
Warning could not fetch inst from frontend
Warning could not fetch inst from frontend
Warning could not fetch inst from frontend
Warning could not fetch inst from frontend
Warning could not fetch inst from frontend
Warning could not fetch inst from frontend
Warning could not fetch inst from frontend
Warning could not fetch inst from frontend
Warning could not fetch inst from frontend
Warning could not fetch inst from frontend
Warning could not fetch inst from frontend
Warning could not fetch inst from frontend
Warning could not fetch inst from frontend
Warning could not fetch inst from frontend
Warning could not fetch inst from frontend
Warning could not fetch inst from frontend
Warning could not fetch inst from frontend
Warning could not fetch inst from frontend
Warning could not fetch inst from frontend
Warning could not fetch inst from frontend
Warning could not fetch inst from frontend
Warning could not fetch inst from frontend
Warning could not fetch inst from frontend
Warning could not fetch inst from frontend
Warning could not fetch inst from frontend
Warning could not fetch inst from frontend
Warning could not fetch inst from frontend
Warning could not fetch inst from frontend
Warning could not fetch inst from frontend
Warning could not fetch inst from frontend
Warning could not fetch inst from frontend
Warning could not fetch inst from frontend
Warning could not fetch inst from frontend
Warning could not fetch inst from frontend
Warning could not fetch inst from frontend
Warning could not fetch inst from frontend
Warning could not fetch inst from frontend
Warning could not fetch inst from frontend
Warning could not fetch inst from frontend
Warning could not fetch inst from frontend
Warning could not fetch inst from frontend
Warning could not fetch inst from frontend
Warning could not fetch inst from frontend
Warning could not fetch inst from frontend
Warning could not fetch inst from frontend
Warning could not fetch inst from frontend
Warning could not fetch inst from frontend
Warning could not fetch inst from frontend
Warning could not fetch inst from frontend
Warning could not fetch inst from frontend
Warning could not fetch inst from frontend
Warning could not fetch inst from frontend
Warning could not fetch inst from frontend
Warning could not fetch inst from frontend
Warning could not fetch inst from frontend
Warning could not fetch inst from frontend
Warning could not fetch inst from frontend
Warning could not fetch inst from frontend
Warning could not fetch inst from frontend
Warning could not fetch inst from frontend
Warning could not fetch inst from frontend
Warning could not fetch inst from frontend
** Core 0 Finished:    insts:20000000    cycles:8101347     time:2531670937500       -- 2.47 IPC (2.47 IPC) --  N/A  KIPS (142.86 KIPS)
Scarab finished at Fri Nov  1 19:17:59 2024

