Scarab gitrev: 3541854
Scarab started at Thu Oct 31 07:06:25 2024

Initialized Ramulator. 
** Heartbeat:   5% -- { 1000000 } -- 0.00 KIPS (71.43 KIPS)
** Heartbeat:  10% -- { 2000000 } -- 71.43 KIPS (71.43 KIPS)
** Heartbeat:  15% -- { 3000000 } -- 76.92 KIPS (73.17 KIPS)
** Heartbeat:  20% -- { 4000000 } -- 100.00 KIPS (78.43 KIPS)
** Heartbeat:  25% -- { 5000000 } -- 125.00 KIPS (84.75 KIPS)
** Heartbeat:  30% -- { 6000000 } -- 125.00 KIPS (89.55 KIPS)
** Heartbeat:  35% -- { 7000000 } -- 142.86 KIPS (94.59 KIPS)
** Heartbeat:  40% -- { 8000000 } -- 125.00 KIPS (97.56 KIPS)
** Heartbeat:  45% -- { 9000000 } -- 76.92 KIPS (94.74 KIPS)
** Heartbeat:  50% -- { 10000000 } -- 125.00 KIPS (97.09 KIPS)
** Heartbeat:  55% -- { 11000000 } -- 142.86 KIPS (100.00 KIPS)
** Heartbeat:  60% -- { 12000000 } -- 125.00 KIPS (101.69 KIPS)
** Heartbeat:  65% -- { 13000000 } -- 125.00 KIPS (103.17 KIPS)
** Heartbeat:  70% -- { 14000000 } -- 83.33 KIPS (101.45 KIPS)
** Heartbeat:  75% -- { 15000000 } -- 76.92 KIPS (99.34 KIPS)
** Heartbeat:  80% -- { 16000000 } -- 76.92 KIPS (97.56 KIPS)
** Heartbeat:  85% -- { 17000000 } -- 76.92 KIPS (96.05 KIPS)
** Heartbeat:  90% -- { 18000005 } -- 76.92 KIPS (94.74 KIPS)
** Heartbeat:  95% -- { 19000009 } -- 76.92 KIPS (93.60 KIPS)
** Core 0 Finished:    insts:20000000    cycles:20689554    time:6465485625000       -- 0.97 IPC (0.97 IPC) --  N/A  KIPS (93.02 KIPS)
Scarab finished at Thu Oct 31 07:10:00 2024

