Scarab gitrev: 3541854
Scarab started at Thu Oct 31 07:10:37 2024

Initialized Ramulator. 
** Heartbeat:   5% -- { 1000000 } -- 0.00 KIPS (125.00 KIPS)
** Heartbeat:  10% -- { 2000000 } -- 142.86 KIPS (133.33 KIPS)
** Heartbeat:  15% -- { 3000000 } -- 125.00 KIPS (130.43 KIPS)
** Heartbeat:  20% -- { 4000000 } -- 125.00 KIPS (129.03 KIPS)
** Heartbeat:  25% -- { 5000000 } -- 125.00 KIPS (128.21 KIPS)
** Heartbeat:  30% -- { 6000000 } -- 142.86 KIPS (130.43 KIPS)
** Heartbeat:  35% -- { 7000000 } -- 125.00 KIPS (129.63 KIPS)
** Heartbeat:  40% -- { 8000000 } -- 125.00 KIPS (129.03 KIPS)
** Heartbeat:  45% -- { 9000000 } -- 125.00 KIPS (128.57 KIPS)
** Heartbeat:  50% -- { 10000000 } -- 142.86 KIPS (129.87 KIPS)
** Heartbeat:  55% -- { 11000000 } -- 125.00 KIPS (129.41 KIPS)
** Heartbeat:  60% -- { 12000000 } -- 125.00 KIPS (129.03 KIPS)
** Heartbeat:  65% -- { 13000000 } -- 142.86 KIPS (130.00 KIPS)
** Heartbeat:  70% -- { 14000000 } -- 125.00 KIPS (129.63 KIPS)
** Heartbeat:  75% -- { 15000000 } -- 125.00 KIPS (129.31 KIPS)
** Heartbeat:  80% -- { 16000000 } -- 125.00 KIPS (129.03 KIPS)
** Heartbeat:  85% -- { 17000000 } -- 142.86 KIPS (129.77 KIPS)
** Heartbeat:  90% -- { 18000000 } -- 125.00 KIPS (129.50 KIPS)
** Heartbeat:  95% -- { 19000000 } -- 125.00 KIPS (129.25 KIPS)
** Heartbeat: 100% -- { 20000000 } -- 125.00 KIPS (129.03 KIPS)
** Core 0 Finished:    insts:20000000    cycles:20337096    time:6355342500000       -- 0.98 IPC (0.98 IPC) --  N/A  KIPS (129.03 KIPS)
Scarab finished at Thu Oct 31 07:13:12 2024

