Scarab gitrev: 3541854
Scarab started at Thu Oct 31 07:05:44 2024

Initialized Ramulator. 
** Heartbeat:   5% -- { 1000000 } -- 0.00 KIPS (125.00 KIPS)
** Heartbeat:  10% -- { 2000000 } -- 142.86 KIPS (133.33 KIPS)
** Heartbeat:  15% -- { 3000000 } -- 125.00 KIPS (130.43 KIPS)
** Heartbeat:  20% -- { 4000000 } -- 142.86 KIPS (133.33 KIPS)
** Heartbeat:  25% -- { 5000000 } -- 125.00 KIPS (131.58 KIPS)
** Heartbeat:  30% -- { 6000000 } -- 142.86 KIPS (133.33 KIPS)
** Heartbeat:  35% -- { 7000000 } -- 142.86 KIPS (134.62 KIPS)
** Heartbeat:  40% -- { 8000000 } -- 125.00 KIPS (133.33 KIPS)
** Heartbeat:  45% -- { 9000000 } -- 142.86 KIPS (134.33 KIPS)
** Heartbeat:  50% -- { 10000000 } -- 76.92 KIPS (125.00 KIPS)
** Heartbeat:  55% -- { 11000000 } -- 83.33 KIPS (119.57 KIPS)
** Heartbeat:  60% -- { 12000000 } -- 76.92 KIPS (114.29 KIPS)
** Heartbeat:  65% -- { 13000000 } -- 76.92 KIPS (110.17 KIPS)
** Heartbeat:  70% -- { 14000000 } -- 76.92 KIPS (106.87 KIPS)
** Heartbeat:  75% -- { 15000000 } -- 76.92 KIPS (104.17 KIPS)
** Heartbeat:  80% -- { 16000000 } -- 76.92 KIPS (101.91 KIPS)
** Heartbeat:  85% -- { 17000000 } -- 90.91 KIPS (101.19 KIPS)
** Heartbeat:  90% -- { 18000005 } -- 125.00 KIPS (102.27 KIPS)
** Heartbeat:  95% -- { 19000009 } -- 125.00 KIPS (103.26 KIPS)
** Core 0 Finished:    insts:20000000    cycles:20698518    time:6468286875000       -- 0.97 IPC (0.97 IPC) --  N/A  KIPS (104.71 KIPS)
Scarab finished at Thu Oct 31 07:08:55 2024

