Scarab gitrev: 3541854
Scarab started at Thu Oct 31 07:14:41 2024

Initialized Ramulator. 
** Heartbeat:   5% -- { 1000000 } -- 0.00 KIPS (200.00 KIPS)
** Heartbeat:  10% -- { 2000000 } -- 142.86 KIPS (166.67 KIPS)
** Heartbeat:  15% -- { 3000003 } -- 125.00 KIPS (150.00 KIPS)
** Heartbeat:  20% -- { 4000007 } -- 125.00 KIPS (142.86 KIPS)
** Heartbeat:  25% -- { 5000008 } -- 111.11 KIPS (135.14 KIPS)
** Heartbeat:  30% -- { 6000008 } -- 111.11 KIPS (130.43 KIPS)
** Heartbeat:  35% -- { 7000011 } -- 111.11 KIPS (127.27 KIPS)
** Heartbeat:  40% -- { 8000013 } -- 142.86 KIPS (129.03 KIPS)
** Heartbeat:  45% -- { 9000017 } -- 125.00 KIPS (128.57 KIPS)
** Heartbeat:  50% -- { 10000018 } -- 125.00 KIPS (128.21 KIPS)
** Heartbeat:  55% -- { 11000018 } -- 90.91 KIPS (123.60 KIPS)
** Heartbeat:  60% -- { 12000021 } -- 166.67 KIPS (126.32 KIPS)
** Heartbeat:  65% -- { 13000021 } -- 111.11 KIPS (125.00 KIPS)
** Heartbeat:  70% -- { 14000021 } -- 125.00 KIPS (125.00 KIPS)
** Heartbeat:  75% -- { 15000023 } -- 125.00 KIPS (125.00 KIPS)
** Heartbeat:  80% -- { 16000026 } -- 100.00 KIPS (123.08 KIPS)
** Heartbeat:  85% -- { 17000026 } -- 142.86 KIPS (124.09 KIPS)
** Heartbeat:  90% -- { 18000026 } -- 111.11 KIPS (123.29 KIPS)
** Heartbeat:  95% -- { 19000026 } -- 111.11 KIPS (122.58 KIPS)
** Core 0 Finished:    insts:20000000    cycles:12112281    time:3785087812500       -- 1.65 IPC (1.65 IPC) --  N/A  KIPS (121.21 KIPS)
Scarab finished at Thu Oct 31 07:17:26 2024

