Scarab gitrev: 3541854
Scarab started at Thu Oct 31 07:33:04 2024

Initialized Ramulator. 
** Heartbeat:   5% -- { 1000005 } -- 0.00 KIPS (333.33 KIPS)
** Heartbeat:  10% -- { 2000009 } -- 333.33 KIPS (333.33 KIPS)
** Heartbeat:  15% -- { 3000013 } -- 250.00 KIPS (300.00 KIPS)
** Heartbeat:  20% -- { 4000015 } -- 250.00 KIPS (285.72 KIPS)
** Heartbeat:  25% -- { 5000019 } -- 250.00 KIPS (277.78 KIPS)
** Heartbeat:  30% -- { 6000020 } -- 200.00 KIPS (260.87 KIPS)
** Heartbeat:  35% -- { 7000022 } -- 333.33 KIPS (269.23 KIPS)
** Heartbeat:  40% -- { 8000024 } -- 250.00 KIPS (266.67 KIPS)
** Heartbeat:  45% -- { 9000027 } -- 100.00 KIPS (225.00 KIPS)
** Heartbeat:  50% -- { 10000028 } -- 111.11 KIPS (204.08 KIPS)
** Heartbeat:  55% -- { 11000032 } -- 111.11 KIPS (189.66 KIPS)
** Heartbeat:  60% -- { 12000037 } -- 125.00 KIPS (181.82 KIPS)
** Heartbeat:  65% -- { 13000039 } -- 200.00 KIPS (183.10 KIPS)
** Heartbeat:  70% -- { 14000039 } -- 250.00 KIPS (186.67 KIPS)
** Heartbeat:  75% -- { 15000039 } -- 250.00 KIPS (189.87 KIPS)
** Heartbeat:  80% -- { 16000041 } -- 250.00 KIPS (192.77 KIPS)
** Heartbeat:  85% -- { 17000041 } -- 250.00 KIPS (195.40 KIPS)
** Heartbeat:  90% -- { 18000041 } -- 333.33 KIPS (200.00 KIPS)
** Heartbeat:  95% -- { 19000041 } -- 333.33 KIPS (204.30 KIPS)
** Core 0 Finished:    insts:20000002    cycles:15087643    time:4714888437500       -- 1.33 IPC (1.33 IPC) --  N/A  KIPS (206.19 KIPS)
Scarab finished at Thu Oct 31 07:34:41 2024

