Scarab gitrev: 3541854
Scarab started at Thu Oct 31 07:05:44 2024

Initialized Ramulator. 
** Heartbeat:   5% -- { 1000000 } -- 0.00 KIPS (125.00 KIPS)
** Heartbeat:  10% -- { 2000000 } -- 142.86 KIPS (133.33 KIPS)
** Heartbeat:  15% -- { 3000000 } -- 125.00 KIPS (130.43 KIPS)
** Heartbeat:  20% -- { 4000000 } -- 142.86 KIPS (133.33 KIPS)
** Heartbeat:  25% -- { 5000000 } -- 142.86 KIPS (135.14 KIPS)
** Heartbeat:  30% -- { 6000000 } -- 125.00 KIPS (133.33 KIPS)
** Heartbeat:  35% -- { 7000000 } -- 142.86 KIPS (134.62 KIPS)
** Heartbeat:  40% -- { 8000000 } -- 142.86 KIPS (135.59 KIPS)
** Heartbeat:  45% -- { 9000000 } -- 125.00 KIPS (134.33 KIPS)
** Heartbeat:  50% -- { 10000000 } -- 142.86 KIPS (135.14 KIPS)
** Heartbeat:  55% -- { 11000000 } -- 125.00 KIPS (134.15 KIPS)
** Heartbeat:  60% -- { 12000000 } -- 142.86 KIPS (134.83 KIPS)
** Heartbeat:  65% -- { 13000000 } -- 125.00 KIPS (134.02 KIPS)
** Heartbeat:  70% -- { 14000000 } -- 142.86 KIPS (134.62 KIPS)
** Heartbeat:  75% -- { 15000000 } -- 142.86 KIPS (135.14 KIPS)
** Heartbeat:  80% -- { 16000000 } -- 125.00 KIPS (134.45 KIPS)
** Heartbeat:  85% -- { 17000000 } -- 111.11 KIPS (132.81 KIPS)
** Heartbeat:  90% -- { 18000005 } -- 76.92 KIPS (127.66 KIPS)
** Heartbeat:  95% -- { 19000009 } -- 76.92 KIPS (123.38 KIPS)
** Core 0 Finished:    insts:20000000    cycles:20660603    time:6456438437500       -- 0.97 IPC (0.97 IPC) --  N/A  KIPS (119.76 KIPS)
Scarab finished at Thu Oct 31 07:08:31 2024

