Scarab gitrev: 3541854
Scarab started at Fri Nov  1 18:52:56 2024

Initialized Ramulator. 
** Heartbeat:   5% -- { 1000005 } -- 0.00 KIPS (58.82 KIPS)
** Heartbeat:  10% -- { 2000006 } -- 55.56 KIPS (57.14 KIPS)
** Heartbeat:  15% -- { 3000007 } -- 71.43 KIPS (61.22 KIPS)
** Heartbeat:  20% -- { 4000008 } -- 100.00 KIPS (67.80 KIPS)
** Heartbeat:  25% -- { 5000008 } -- 111.11 KIPS (73.53 KIPS)
** Heartbeat:  30% -- { 6000009 } -- 90.91 KIPS (75.95 KIPS)
** Heartbeat:  35% -- { 7000011 } -- 100.00 KIPS (78.65 KIPS)
** Heartbeat:  40% -- { 8000013 } -- 100.00 KIPS (80.81 KIPS)
** Heartbeat:  45% -- { 9000013 } -- 90.91 KIPS (81.82 KIPS)
** Heartbeat:  50% -- { 10000013 } -- 100.00 KIPS (83.33 KIPS)
** Heartbeat:  55% -- { 11000014 } -- 90.91 KIPS (83.97 KIPS)
** Heartbeat:  60% -- { 12000015 } -- 90.91 KIPS (84.51 KIPS)
** Heartbeat:  65% -- { 13000018 } -- 76.92 KIPS (83.87 KIPS)
** Heartbeat:  70% -- { 14000019 } -- 55.56 KIPS (80.92 KIPS)
** Heartbeat:  75% -- { 15000019 } -- 43.48 KIPS (76.53 KIPS)
** Heartbeat:  80% -- { 16000023 } -- 90.91 KIPS (77.29 KIPS)
** Heartbeat:  85% -- { 17000027 } -- 83.33 KIPS (77.63 KIPS)
** Heartbeat:  90% -- { 18000027 } -- 83.33 KIPS (77.92 KIPS)
** Heartbeat:  95% -- { 19000029 } -- 83.33 KIPS (78.19 KIPS)
Warning could not fetch inst from frontend
Warning could not fetch inst from frontend
Warning could not fetch inst from frontend
Warning could not fetch inst from frontend
Warning could not fetch inst from frontend
Warning could not fetch inst from frontend
Warning could not fetch inst from frontend
Warning could not fetch inst from frontend
Warning could not fetch inst from frontend
Warning could not fetch inst from frontend
Warning could not fetch inst from frontend
Warning could not fetch inst from frontend
Warning could not fetch inst from frontend
Warning could not fetch inst from frontend
Warning could not fetch inst from frontend
Warning could not fetch inst from frontend
Warning could not fetch inst from frontend
Warning could not fetch inst from frontend
Warning could not fetch inst from frontend
Warning could not fetch inst from frontend
Warning could not fetch inst from frontend
Warning could not fetch inst from frontend
Warning could not fetch inst from frontend
Warning could not fetch inst from frontend
Warning could not fetch inst from frontend
Warning could not fetch inst from frontend
Warning could not fetch inst from frontend
Warning could not fetch inst from frontend
Warning could not fetch inst from frontend
Warning could not fetch inst from frontend
Warning could not fetch inst from frontend
Warning could not fetch inst from frontend
Warning could not fetch inst from frontend
Warning could not fetch inst from frontend
Warning could not fetch inst from frontend
Warning could not fetch inst from frontend
** Core 0 Finished:    insts:20000000    cycles:32616874    time:10192773125000      -- 0.61 IPC (0.61 IPC) --  N/A  KIPS (78.43 KIPS)
Scarab finished at Fri Nov  1 18:57:12 2024

